[0m13:49:25.259534 [debug] [MainThread]: Sending event: {'category': 'dbt', 'action': 'invocation', 'label': 'start', 'context': [<snowplow_tracker.self_describing_json.SelfDescribingJson object at 0x110b19e80>, <snowplow_tracker.self_describing_json.SelfDescribingJson object at 0x1126c7c50>, <snowplow_tracker.self_describing_json.SelfDescribingJson object at 0x1126c7ed0>]}


============================== 13:49:25.262993 | 202fedc7-eee2-41dd-be8b-27a9d0722944 ==============================
[0m13:49:25.262993 [info ] [MainThread]: Running with dbt=1.9.4
[0m13:49:25.263292 [debug] [MainThread]: running dbt with arguments {'printer_width': '80', 'indirect_selection': 'eager', 'log_cache_events': 'False', 'write_json': 'True', 'partial_parse': 'True', 'cache_selected_only': 'False', 'profiles_dir': '/Users/sam/.dbt', 'debug': 'False', 'version_check': 'True', 'log_path': 'logs', 'fail_fast': 'False', 'warn_error': 'None', 'use_colors': 'True', 'use_experimental_parser': 'False', 'empty': 'None', 'quiet': 'False', 'no_print': 'None', 'log_format': 'default', 'static_parser': 'True', 'warn_error_options': 'WarnErrorOptions(include=[], exclude=[])', 'introspect': 'True', 'target_path': 'None', 'invocation_command': 'dbt init taxi_dbt', 'send_anonymous_usage_stats': 'True'}
[0m13:49:25.274993 [warn ] [MainThread]: [ConfigFolderDirectory]: Unable to parse logging event dictionary. Failed to parse dir field: expected string or bytes-like object, got 'PosixPath'.. Dictionary: {'dir': PosixPath('/Users/sam/.dbt')}
[0m13:49:25.275184 [info ] [MainThread]: Creating dbt configuration folder at 
[0m13:49:25.275928 [debug] [MainThread]: Starter project path: /Users/sam/code/nyc-taxi-analytics/venv/lib/python3.13/site-packages/dbt/include/starter_project
[0m13:49:25.279378 [info ] [MainThread]: 
Your new dbt project "taxi_dbt" was created!

For more information on how to configure the profiles.yml file,
please consult the dbt documentation here:

  https://docs.getdbt.com/docs/configure-your-profile

One more thing:

Need help? Don't hesitate to reach out to us via GitHub issues or on Slack:

  https://community.getdbt.com/

Happy modeling!

[0m13:49:25.279538 [info ] [MainThread]: Setting up your profile.
[0m13:52:31.024826 [info ] [MainThread]: Profile taxi_dbt written to /Users/sam/.dbt/profiles.yml using target's profile_template.yml and your supplied values. Run 'dbt debug' to validate the connection.
[0m13:52:31.038635 [debug] [MainThread]: Resource report: {"command_name": "init", "command_success": true, "command_wall_clock_time": 185.81155, "process_in_blocks": "0", "process_kernel_time": 0.221762, "process_mem_max_rss": "191643648", "process_out_blocks": "0", "process_user_time": 0.874326}
[0m13:52:31.039714 [debug] [MainThread]: Command `dbt init` succeeded at 13:52:31.039485 after 185.81 seconds
[0m13:52:31.041014 [debug] [MainThread]: Sending event: {'category': 'dbt', 'action': 'invocation', 'label': 'end', 'context': [<snowplow_tracker.self_describing_json.SelfDescribingJson object at 0x1243dfbb0>, <snowplow_tracker.self_describing_json.SelfDescribingJson object at 0x11254ac30>, <snowplow_tracker.self_describing_json.SelfDescribingJson object at 0x12452d7b0>]}
[0m13:52:31.041702 [debug] [MainThread]: Flushing usage events
[0m13:52:31.929484 [debug] [MainThread]: An error was encountered while trying to flush usage events
[0m13:52:40.712240 [debug] [MainThread]: Sending event: {'category': 'dbt', 'action': 'invocation', 'label': 'start', 'context': [<snowplow_tracker.self_describing_json.SelfDescribingJson object at 0x104015e80>, <snowplow_tracker.self_describing_json.SelfDescribingJson object at 0x105ac7c50>, <snowplow_tracker.self_describing_json.SelfDescribingJson object at 0x105ac7ed0>]}


============================== 13:52:40.715216 | a8eababf-4bd7-4c51-b6a8-549e53a15481 ==============================
[0m13:52:40.715216 [info ] [MainThread]: Running with dbt=1.9.4
[0m13:52:40.715518 [debug] [MainThread]: running dbt with arguments {'printer_width': '80', 'indirect_selection': 'eager', 'log_cache_events': 'False', 'write_json': 'True', 'partial_parse': 'True', 'cache_selected_only': 'False', 'warn_error': 'None', 'debug': 'False', 'fail_fast': 'False', 'log_path': 'logs', 'version_check': 'True', 'profiles_dir': '/Users/sam/.dbt', 'use_colors': 'True', 'use_experimental_parser': 'False', 'empty': 'None', 'quiet': 'False', 'no_print': 'None', 'warn_error_options': 'WarnErrorOptions(include=[], exclude=[])', 'introspect': 'True', 'static_parser': 'True', 'invocation_command': 'dbt debug', 'target_path': 'None', 'log_format': 'default', 'send_anonymous_usage_stats': 'True'}
[0m13:52:40.723832 [info ] [MainThread]: dbt version: 1.9.4
[0m13:52:40.723994 [info ] [MainThread]: python version: 3.13.3
[0m13:52:40.724119 [info ] [MainThread]: python path: /Users/sam/code/nyc-taxi-analytics/venv/bin/python3.13
[0m13:52:40.724237 [info ] [MainThread]: os info: macOS-14.5-arm64-arm-64bit-Mach-O
[0m13:52:41.240233 [info ] [MainThread]: Using profiles dir at /Users/sam/.dbt
[0m13:52:41.240473 [info ] [MainThread]: Using profiles.yml file at /Users/sam/.dbt/profiles.yml
[0m13:52:41.240636 [info ] [MainThread]: Using dbt_project.yml file at /Users/sam/code/nyc-taxi-analytics/dbt_project.yml
[0m13:52:41.240767 [info ] [MainThread]: adapter type: bigquery
[0m13:52:41.240875 [info ] [MainThread]: adapter version: 1.9.1
[0m13:52:41.240991 [info ] [MainThread]: Configuration:
[0m13:52:41.241103 [info ] [MainThread]:   profiles.yml file [[32mOK found and valid[0m]
[0m13:52:41.241205 [info ] [MainThread]:   dbt_project.yml file [[31mERROR not found[0m]
[0m13:52:41.241317 [info ] [MainThread]: Required dependencies:
[0m13:52:41.241457 [debug] [MainThread]: Executing "git --help"
[0m13:52:41.258348 [debug] [MainThread]: STDOUT: "b"usage: git [-v | --version] [-h | --help] [-C <path>] [-c <name>=<value>]\n           [--exec-path[=<path>]] [--html-path] [--man-path] [--info-path]\n           [-p | --paginate | -P | --no-pager] [--no-replace-objects] [--no-lazy-fetch]\n           [--no-optional-locks] [--no-advice] [--bare] [--git-dir=<path>]\n           [--work-tree=<path>] [--namespace=<name>] [--config-env=<name>=<envvar>]\n           <command> [<args>]\n\nThese are common Git commands used in various situations:\n\nstart a working area (see also: git help tutorial)\n   clone     Clone a repository into a new directory\n   init      Create an empty Git repository or reinitialize an existing one\n\nwork on the current change (see also: git help everyday)\n   add       Add file contents to the index\n   mv        Move or rename a file, a directory, or a symlink\n   restore   Restore working tree files\n   rm        Remove files from the working tree and from the index\n\nexamine the history and state (see also: git help revisions)\n   bisect    Use binary search to find the commit that introduced a bug\n   diff      Show changes between commits, commit and working tree, etc\n   grep      Print lines matching a pattern\n   log       Show commit logs\n   show      Show various types of objects\n   status    Show the working tree status\n\ngrow, mark and tweak your common history\n   branch    List, create, or delete branches\n   commit    Record changes to the repository\n   merge     Join two or more development histories together\n   rebase    Reapply commits on top of another base tip\n   reset     Reset current HEAD to the specified state\n   switch    Switch branches\n   tag       Create, list, delete or verify a tag object signed with GPG\n\ncollaborate (see also: git help workflows)\n   fetch     Download objects and refs from another repository\n   pull      Fetch from and integrate with another repository or a local branch\n   push      Update remote refs along with associated objects\n\n'git help -a' and 'git help -g' list available subcommands and some\nconcept guides. See 'git help <command>' or 'git help <concept>'\nto read about a specific subcommand or concept.\nSee 'git help git' for an overview of the system.\n""
[0m13:52:41.258835 [debug] [MainThread]: STDERR: "b''"
[0m13:52:41.258994 [info ] [MainThread]:  - git [[32mOK found[0m]

[0m13:52:41.259161 [info ] [MainThread]: Connection:
[0m13:52:41.259358 [info ] [MainThread]:   method: service-account
[0m13:52:41.259475 [info ] [MainThread]:   database: nyc-taxi-analytics-459001
[0m13:52:41.259587 [info ] [MainThread]:   execution_project: nyc-taxi-analytics-459001
[0m13:52:41.259694 [info ] [MainThread]:   schema: nyc_taxi_staging
[0m13:52:41.259799 [info ] [MainThread]:   location: US
[0m13:52:41.259911 [info ] [MainThread]:   priority: interactive
[0m13:52:41.260018 [info ] [MainThread]:   maximum_bytes_billed: None
[0m13:52:41.260120 [info ] [MainThread]:   impersonate_service_account: None
[0m13:52:41.260224 [info ] [MainThread]:   job_retry_deadline_seconds: None
[0m13:52:41.260361 [info ] [MainThread]:   job_retries: 1
[0m13:52:41.260461 [info ] [MainThread]:   job_creation_timeout_seconds: None
[0m13:52:41.260569 [info ] [MainThread]:   job_execution_timeout_seconds: 300
[0m13:52:41.260668 [info ] [MainThread]:   timeout_seconds: 300
[0m13:52:41.260772 [info ] [MainThread]:   client_id: None
[0m13:52:41.260876 [info ] [MainThread]:   token_uri: None
[0m13:52:41.261001 [info ] [MainThread]:   dataproc_region: None
[0m13:52:41.261112 [info ] [MainThread]:   dataproc_cluster_name: None
[0m13:52:41.261213 [info ] [MainThread]:   gcs_bucket: None
[0m13:52:41.261310 [info ] [MainThread]:   dataproc_batch: None
[0m13:52:41.261600 [info ] [MainThread]: Registered adapter: bigquery=1.9.1
[0m13:52:41.319137 [debug] [MainThread]: Acquiring new bigquery connection 'debug'
[0m13:52:41.319492 [debug] [MainThread]: On debug: select 1 as id
[0m13:52:41.319657 [debug] [MainThread]: Opening a new connection, currently in state init
[0m13:52:43.103196 [debug] [MainThread]: BigQuery adapter: https://console.cloud.google.com/bigquery?project=nyc-taxi-analytics-459001&j=bq:US:9ae7430c-9601-461e-be41-4b88d1fe64c5&page=queryresults
[0m13:52:44.022667 [info ] [MainThread]:   Connection test: [[32mOK connection ok[0m]

[0m13:52:44.024255 [info ] [MainThread]: [31m1 check failed:[0m
[0m13:52:44.024824 [info ] [MainThread]: Project loading failed for the following reason:
 project path </Users/sam/code/nyc-taxi-analytics/dbt_project.yml> not found

[0m13:52:44.030225 [debug] [MainThread]: Resource report: {"command_name": "debug", "command_success": false, "command_wall_clock_time": 3.3496935, "process_in_blocks": "0", "process_kernel_time": 0.21269, "process_mem_max_rss": "203210752", "process_out_blocks": "0", "process_user_time": 0.969261}
[0m13:52:44.031092 [debug] [MainThread]: Command `dbt debug` failed at 13:52:44.030924 after 3.35 seconds
[0m13:52:44.031719 [debug] [MainThread]: Connection 'debug' was properly closed.
[0m13:52:44.032339 [debug] [MainThread]: Sending event: {'category': 'dbt', 'action': 'invocation', 'label': 'end', 'context': [<snowplow_tracker.self_describing_json.SelfDescribingJson object at 0x10d60d0f0>, <snowplow_tracker.self_describing_json.SelfDescribingJson object at 0x10d63cef0>, <snowplow_tracker.self_describing_json.SelfDescribingJson object at 0x10d51a250>]}
[0m13:52:44.033019 [debug] [MainThread]: Flushing usage events
[0m13:52:45.147972 [debug] [MainThread]: An error was encountered while trying to flush usage events
